Using pre-set license
Built from '2021.1/staging' branch; Version is '2021.1.14f1 (51d2f824827f) revision 5362424'; Using compiler version '192528614'; Build Type 'Release'
OS: 'Windows 10 Pro; OS build 19042.1348; Version 2009; 64bit' Language: 'tr' Physical Memory: 16334 MB
BatchMode: 1, IsHumanControllingUs: 0, StartBugReporterOnCrash: 0, Is64bit: 1, IsPro: 0

 COMMAND LINE ARGUMENTS:
C:\Program Files\Unity\Hub\Editor\2021.1.14f1\Editor\Unity.exe
-adb2
-batchMode
-noUpm
-name
AssetImportWorker0
-projectPath
E:/PROJELERİM/Projeler/EaterCar
-logFile
Logs/AssetImportWorker0.log
-srvPort
50087
Successfully changed project path to: E:/PROJELERİM/Projeler/EaterCar
E:/PROJELERİM/Projeler/EaterCar
Using Asset Import Pipeline V2.
Refreshing native plugins compatible for Editor in 62.65 ms, found 5 plugins.
Preloading 0 native plugins for Editor in 0.00 ms.
Initialize engine version: 2021.1.14f1 (51d2f824827f)
[Subsystems] Discovering subsystems at path C:/Program Files/Unity/Hub/Editor/2021.1.14f1/Editor/Data/Resources/UnitySubsystems
[Subsystems] Discovering subsystems at path E:/PROJELERİM/Projeler/EaterCar/Assets
GfxDevice: creating device client; threaded=0; jobified=0
Direct3D:
    Version:  Direct3D 11.0 [level 11.1]
    Renderer: AMD Radeon RX 5700 XT (ID=0x731f)
    Vendor:   ATI
    VRAM:     8151 MB
    Driver:   27.20.22001.14011
Initialize mono
Mono path[0] = 'C:/Program Files/Unity/Hub/Editor/2021.1.14f1/Editor/Data/Managed'
Mono path[1] = 'C:/Program Files/Unity/Hub/Editor/2021.1.14f1/Editor/Data/MonoBleedingEdge/lib/mono/unityjit'
Mono config path = 'C:/Program Files/Unity/Hub/Editor/2021.1.14f1/Editor/Data/MonoBleedingEdge/etc'
Using monoOptions --debugger-agent=transport=dt_socket,embedding=1,server=y,suspend=n,address=127.0.0.1:56916
Begin MonoManager ReloadAssembly
Registering precompiled unity dll's ...
Register platform support module: C:/Program Files/Unity/Hub/Editor/2021.1.14f1/Editor/Data/PlaybackEngines/WindowsStandaloneSupport/UnityEditor.WindowsStandalone.Extensions.dll
Registered in 0.001503 seconds.
Native extension for WindowsStandalone target not found
Refreshing native plugins compatible for Editor in 56.13 ms, found 5 plugins.
Preloading 0 native plugins for Editor in 0.00 ms.
Mono: successfully reloaded assembly
- Completed reload, in  1.281 seconds
Domain Reload Profiling:
	ReloadAssembly (1281ms)
		BeginReloadAssembly (41ms)
			ExecutionOrderSort (0ms)
			DisableScriptedObjects (0ms)
			BackupInstance (0ms)
			ReleaseScriptingObjects (0ms)
			CreateAndSetChildDomain (1ms)
		EndReloadAssembly (358ms)
			LoadAssemblies (39ms)
			RebuildTransferFunctionScriptingTraits (0ms)
			SetupTypeCache (132ms)
			ReleaseScriptCaches (0ms)
			RebuildScriptCaches (24ms)
			SetupLoadedEditorAssemblies (163ms)
				LogAssemblyErrors (0ms)
				InitializePlatformSupportModulesInManaged (5ms)
				SetLoadedEditorAssemblies (0ms)
				RefreshPlugins (56ms)
				BeforeProcessingInitializeOnLoad (1ms)
				ProcessInitializeOnLoadAttributes (77ms)
				ProcessInitializeOnLoadMethodAttributes (24ms)
				AfterProcessingInitializeOnLoad (0ms)
				EditorAssembliesLoaded (0ms)
			ExecutionOrderSort2 (0ms)
			AwakeInstancesAfterBackupRestoration (0ms)
Platform modules already initialized, skipping
Registering precompiled user dll's ...
Registered in 0.005823 seconds.
Begin MonoManager ReloadAssembly
Native extension for WindowsStandalone target not found
Refreshing native plugins compatible for Editor in 1.20 ms, found 5 plugins.
Preloading 0 native plugins for Editor in 0.00 ms.
Mono: successfully reloaded assembly
- Completed reload, in  2.285 seconds
Domain Reload Profiling:
	ReloadAssembly (2285ms)
		BeginReloadAssembly (119ms)
			ExecutionOrderSort (0ms)
			DisableScriptedObjects (4ms)
			BackupInstance (0ms)
			ReleaseScriptingObjects (0ms)
			CreateAndSetChildDomain (16ms)
		EndReloadAssembly (2115ms)
			LoadAssemblies (610ms)
			RebuildTransferFunctionScriptingTraits (0ms)
			SetupTypeCache (238ms)
			ReleaseScriptCaches (0ms)
			RebuildScriptCaches (43ms)
			SetupLoadedEditorAssemblies (1144ms)
				LogAssemblyErrors (0ms)
				InitializePlatformSupportModulesInManaged (4ms)
				SetLoadedEditorAssemblies (0ms)
				RefreshPlugins (1ms)
				BeforeProcessingInitializeOnLoad (43ms)
				ProcessInitializeOnLoadAttributes (1086ms)
				ProcessInitializeOnLoadMethodAttributes (4ms)
				AfterProcessingInitializeOnLoad (5ms)
				EditorAssembliesLoaded (0ms)
			ExecutionOrderSort2 (0ms)
			AwakeInstancesAfterBackupRestoration (6ms)
Platform modules already initialized, skipping
========================================================================
Worker process is ready to serve import requests
Launched and connected shader compiler UnityShaderCompiler.exe after 0.03 seconds
Refreshing native plugins compatible for Editor in 0.98 ms, found 5 plugins.
Preloading 0 native plugins for Editor in 0.00 ms.
Unloading 2118 Unused Serialized files (Serialized files now loaded: 0)
System memory in use before: 317.3 MB.
System memory in use after: 317.4 MB.

Unloading 81 unused Assets to reduce memory usage. Loaded Objects now: 2551.
Total: 4.267100 ms (FindLiveObjects: 0.150100 ms CreateObjectMapping: 0.047600 ms MarkObjects: 4.016300 ms  DeleteObjects: 0.052000 ms)

AssetImportParameters requested are different than current active one (requested -> active):
  custom:framework-win-MediaFoundation: 216162199b28c13a410421893ffa2e32 -> 
  custom:video-decoder-ogg-theora: a1e56fd34408186e4bbccfd4996cb3dc -> 
  custom:container-muxer-webm: aa71ff27fc2769a1b78a27578f13a17b -> 
  custom:container-demuxer-webm: 4f35f7cbe854078d1ac9338744f61a02 -> 
  custom:container-demuxer-ogg: 62fdf1f143b41e24485cea50d1cbac27 -> 
  custom:video-encoder-webm-vp8: eb34c28f22e8b96e1ab97ce403110664 -> 
  custom:video-decoder-webm-vp8: 9c59270c3fd7afecdb556c50c9e8de78 -> 
  custom:audio-decoder-ogg-vorbis: bf7c407c2cedff20999df2af8eb42d56 -> 
  custom:audio-encoder-webm-vorbis: bf7c407c2cedff20999df2af8eb42d56 -> 
========================================================================
Received Import Request.
  path: Assets/CarPaint03_CelStepTexture-ramp.png
  artifactKey: Guid(e80b07862070f9648b71fb8b88ae007c) Importer(815301076,1909f56bfc062723c751e8b465ee728b)
Start importing Assets/CarPaint03_CelStepTexture-ramp.png using Guid(e80b07862070f9648b71fb8b88ae007c) Importer(815301076,1909f56bfc062723c751e8b465ee728b)  -> (artifact id: 'cb91a30fa8e9f4f75c3b9e505dbd69b0') in 0.075190 seconds 
========================================================================
Received Import Request.
  Time since last request: 0.000101 seconds.
  path: Assets/eater_truck_20211125_v4.png
  artifactKey: Guid(2be0334d8477b1e4d978276d75c1fbb1) Importer(815301076,1909f56bfc062723c751e8b465ee728b)
Start importing Assets/eater_truck_20211125_v4.png using Guid(2be0334d8477b1e4d978276d75c1fbb1) Importer(815301076,1909f56bfc062723c751e8b465ee728b)  -> (artifact id: 'ff0fd177b1296ea95de4476ebdd97f0f') in 0.095828 seconds 
========================================================================
Received Import Request.
  Time since last request: 0.000096 seconds.
  path: Assets/MonsterCar.png
  artifactKey: Guid(21ccdfef52e2a674bacaa506ebdfc4ef) Importer(815301076,1909f56bfc062723c751e8b465ee728b)
Start importing Assets/MonsterCar.png using Guid(21ccdfef52e2a674bacaa506ebdfc4ef) Importer(815301076,1909f56bfc062723c751e8b465ee728b)  -> (artifact id: '11a46ff3ed98fca63a34b9a32e0a8c58') in 0.010702 seconds 
========================================================================
Received Import Request.
  Time since last request: 0.000099 seconds.
  path: Assets/Oil_CelStepTexture-ramp.png
  artifactKey: Guid(de15d719394bbb5459c15caed2a0c2f6) Importer(815301076,1909f56bfc062723c751e8b465ee728b)
Start importing Assets/Oil_CelStepTexture-ramp.png using Guid(de15d719394bbb5459c15caed2a0c2f6) Importer(815301076,1909f56bfc062723c751e8b465ee728b)  -> (artifact id: '62e5c52267056bd3babae0fe03c0810f') in 0.008433 seconds 
========================================================================
Received Import Request.
  Time since last request: 0.000137 seconds.
  path: Assets/twikling.regular.otf
  artifactKey: Guid(2170f6daef9ee2a489214a5fa8b9b3d7) Importer(815301076,1909f56bfc062723c751e8b465ee728b)
Start importing Assets/twikling.regular.otf using Guid(2170f6daef9ee2a489214a5fa8b9b3d7) Importer(815301076,1909f56bfc062723c751e8b465ee728b)  -> (artifact id: '04859524cc727d1a05f3312196f19999') in 0.041528 seconds 
========================================================================
Received Import Request.
  Time since last request: 0.000083 seconds.
  path: Assets/eater_truck_20211125_v5.png
  artifactKey: Guid(f70e9da71743c53469ff072eb4b39eda) Importer(815301076,1909f56bfc062723c751e8b465ee728b)
Start importing Assets/eater_truck_20211125_v5.png using Guid(f70e9da71743c53469ff072eb4b39eda) Importer(815301076,1909f56bfc062723c751e8b465ee728b)  -> (artifact id: '501dc7b88e39a74524b67cd98d4ba718') in 0.053060 seconds 
========================================================================
Received Import Request.
  Time since last request: 0.000121 seconds.
  path: Assets/CarPaint04_CelStepTexture-ramp.png
  artifactKey: Guid(0475385ee7188cf46914de7f348b2972) Importer(815301076,1909f56bfc062723c751e8b465ee728b)
Start importing Assets/CarPaint04_CelStepTexture-ramp.png using Guid(0475385ee7188cf46914de7f348b2972) Importer(815301076,1909f56bfc062723c751e8b465ee728b)  -> (artifact id: '6dd41267cd08214d489b9e322af32bed') in 0.006001 seconds 
AssetImportWorkerClient::OnTransportError - code=2 error=End of file
